Using pre-set license
Built from '2021.3/staging' branch; Version is '2021.3.16f1 (4016570cf34f) revision 4200023'; Using compiler version '192829333'; Build Type 'Release'
OS: 'Windows 10  (10.0.19045) 64bit Professional' Language: 'es' Physical Memory: 24501 MB
BatchMode: 1, IsHumanControllingUs: 0, StartBugReporterOnCrash: 0, Is64bit: 1, IsPro: 1

COMMAND LINE ARGUMENTS:
C:\Program Files\Unity\Hub\Editor\2021.3.16f1\Editor\Unity.exe
-adb2
-batchMode
-noUpm
-name
AssetImportWorker0
-projectPath
E:/02_Usuario/Documentos/GitHub/NorthFace_Web_Unity_Jerri/My project
-logFile
Logs/AssetImportWorker0.log
-srvPort
64990
Successfully changed project path to: E:/02_Usuario/Documentos/GitHub/NorthFace_Web_Unity_Jerri/My project
E:/02_Usuario/Documentos/GitHub/NorthFace_Web_Unity_Jerri/My project
[UnityMemory] Configuration Parameters - Can be set up in boot.config
    "memorysetup-bucket-allocator-granularity=16"
    "memorysetup-bucket-allocator-bucket-count=8"
    "memorysetup-bucket-allocator-block-size=33554432"
    "memorysetup-bucket-allocator-block-count=8"
    "memorysetup-main-allocator-block-size=16777216"
    "memorysetup-thread-allocator-block-size=16777216"
    "memorysetup-gfx-main-allocator-block-size=16777216"
    "memorysetup-gfx-thread-allocator-block-size=16777216"
    "memorysetup-cache-allocator-block-size=4194304"
    "memorysetup-typetree-allocator-block-size=2097152"
    "memorysetup-profiler-bucket-allocator-granularity=16"
    "memorysetup-profiler-bucket-allocator-bucket-count=8"
    "memorysetup-profiler-bucket-allocator-block-size=33554432"
    "memorysetup-profiler-bucket-allocator-block-count=8"
    "memorysetup-profiler-allocator-block-size=16777216"
    "memorysetup-profiler-editor-allocator-block-size=1048576"
    "memorysetup-temp-allocator-size-main=16777216"
    "memorysetup-job-temp-allocator-block-size=2097152"
    "memorysetup-job-temp-allocator-block-size-background=1048576"
    "memorysetup-job-temp-allocator-reduction-small-platforms=262144"
    "memorysetup-temp-allocator-size-background-worker=32768"
    "memorysetup-temp-allocator-size-job-worker=262144"
    "memorysetup-temp-allocator-size-preload-manager=33554432"
    "memorysetup-temp-allocator-size-nav-mesh-worker=65536"
    "memorysetup-temp-allocator-size-audio-worker=65536"
    "memorysetup-temp-allocator-size-cloud-worker=32768"
    "memorysetup-temp-allocator-size-gi-baking-worker=262144"
    "memorysetup-temp-allocator-size-gfx=262144"
Player connection [39152] Host "[IP] 192.168.1.66 [Port] 0 [Flags] 2 [Guid] 1990265123 [EditorId] 1990265123 [Version] 1048832 [Id] WindowsEditor(7,DESKTOP-9MMM94V) [Debug] 1 [PackageName] WindowsEditor [ProjectName] Editor" joined multi-casting on [225.0.0.222:54997]...

Player connection [39152] Host "[IP] 192.168.1.66 [Port] 0 [Flags] 2 [Guid] 1990265123 [EditorId] 1990265123 [Version] 1048832 [Id] WindowsEditor(7,DESKTOP-9MMM94V) [Debug] 1 [PackageName] WindowsEditor [ProjectName] Editor" joined alternative multi-casting on [225.0.0.222:34997]...

Refreshing native plugins compatible for Editor in 68.17 ms, found 3 plugins.
Preloading 0 native plugins for Editor in 0.00 ms.
Initialize engine version: 2021.3.16f1 (4016570cf34f)
[Subsystems] Discovering subsystems at path C:/Program Files/Unity/Hub/Editor/2021.3.16f1/Editor/Data/Resources/UnitySubsystems
[Subsystems] Discovering subsystems at path E:/02_Usuario/Documentos/GitHub/NorthFace_Web_Unity_Jerri/My project/Assets
GfxDevice: creating device client; threaded=0; jobified=0
Direct3D:
    Version:  Direct3D 11.0 [level 11.1]
    Renderer: NVIDIA GeForce RTX 3060 Ti (ID=0x2489)
    Vendor:   NVIDIA
    VRAM:     8038 MB
    Driver:   31.0.15.3141
Initialize mono
Mono path[0] = 'C:/Program Files/Unity/Hub/Editor/2021.3.16f1/Editor/Data/Managed'
Mono path[1] = 'C:/Program Files/Unity/Hub/Editor/2021.3.16f1/Editor/Data/MonoBleedingEdge/lib/mono/unityjit-win32'
Mono config path = 'C:/Program Files/Unity/Hub/Editor/2021.3.16f1/Editor/Data/MonoBleedingEdge/etc'
Using monoOptions --debugger-agent=transport=dt_socket,embedding=1,server=y,suspend=n,address=127.0.0.1:56476
Begin MonoManager ReloadAssembly
Registering precompiled unity dll's ...
Register platform support module: C:/Program Files/Unity/Hub/Editor/2021.3.16f1/Editor/Data/PlaybackEngines/WebGLSupport/UnityEditor.WebGL.Extensions.dll
Register platform support module: C:/Program Files/Unity/Hub/Editor/2021.3.16f1/Editor/Data/PlaybackEngines/AndroidPlayer/UnityEditor.Android.Extensions.dll
Register platform support module: C:/Program Files/Unity/Hub/Editor/2021.3.16f1/Editor/Data/PlaybackEngines/WindowsStandaloneSupport/UnityEditor.WindowsStandalone.Extensions.dll
Registered in 0.015187 seconds.
Native extension for WindowsStandalone target not found
Native extension for Android target not found
Native extension for WebGL target not found
Refreshing native plugins compatible for Editor in 70.16 ms, found 3 plugins.
Preloading 0 native plugins for Editor in 0.00 ms.
Mono: successfully reloaded assembly
- Completed reload, in  0.633 seconds
Domain Reload Profiling:
	ReloadAssembly (633ms)
		BeginReloadAssembly (163ms)
			ExecutionOrderSort (0ms)
			DisableScriptedObjects (0ms)
			BackupInstance (0ms)
			ReleaseScriptingObjects (0ms)
			CreateAndSetChildDomain (1ms)
		EndReloadAssembly (374ms)
			LoadAssemblies (159ms)
			RebuildTransferFunctionScriptingTraits (0ms)
			SetupTypeCache (78ms)
			ReleaseScriptCaches (0ms)
			RebuildScriptCaches (19ms)
			SetupLoadedEditorAssemblies (237ms)
				LogAssemblyErrors (0ms)
				InitializePlatformSupportModulesInManaged (45ms)
				SetLoadedEditorAssemblies (0ms)
				RefreshPlugins (70ms)
				BeforeProcessingInitializeOnLoad (1ms)
				ProcessInitializeOnLoadAttributes (75ms)
				ProcessInitializeOnLoadMethodAttributes (46ms)
				AfterProcessingInitializeOnLoad (0ms)
				EditorAssembliesLoaded (0ms)
			ExecutionOrderSort2 (0ms)
			AwakeInstancesAfterBackupRestoration (0ms)
Platform modules already initialized, skipping
Registering precompiled user dll's ...
Registered in 0.004987 seconds.
Android Extension - Scanning For ADB Devices 4449 ms
Begin MonoManager ReloadAssembly
Symbol file LoadedFromMemory doesn't match image E:\02_Usuario\Documentos\GitHub\NorthFace_Web_Unity_Jerri\My project\Library\PackageCache\com.unity.visualscripting@1.7.8\Editor\VisualScripting.Core\Dependencies\YamlDotNet\Unity.VisualScripting.YamlDotNet.dll
Symbol file LoadedFromMemory doesn't match image E:\02_Usuario\Documentos\GitHub\NorthFace_Web_Unity_Jerri\My project\Library\PackageCache\com.unity.visualscripting@1.7.8\Editor\VisualScripting.Core\Dependencies\DotNetZip\Unity.VisualScripting.IonicZip.dll
Native extension for WindowsStandalone target not found
Native extension for Android target not found
Native extension for WebGL target not found
Refreshing native plugins compatible for Editor in 0.74 ms, found 3 plugins.
Preloading 0 native plugins for Editor in 0.00 ms.
Mono: successfully reloaded assembly
- Completed reload, in  1.431 seconds
Domain Reload Profiling:
	ReloadAssembly (1431ms)
		BeginReloadAssembly (95ms)
			ExecutionOrderSort (0ms)
			DisableScriptedObjects (5ms)
			BackupInstance (0ms)
			ReleaseScriptingObjects (0ms)
			CreateAndSetChildDomain (19ms)
		EndReloadAssembly (1174ms)
			LoadAssemblies (627ms)
			RebuildTransferFunctionScriptingTraits (0ms)
			SetupTypeCache (192ms)
			ReleaseScriptCaches (1ms)
			RebuildScriptCaches (38ms)
			SetupLoadedEditorAssemblies (296ms)
				LogAssemblyErrors (0ms)
				InitializePlatformSupportModulesInManaged (13ms)
				SetLoadedEditorAssemblies (0ms)
				RefreshPlugins (1ms)
				BeforeProcessingInitializeOnLoad (77ms)
				ProcessInitializeOnLoadAttributes (179ms)
				ProcessInitializeOnLoadMethodAttributes (18ms)
				AfterProcessingInitializeOnLoad (8ms)
				EditorAssembliesLoaded (0ms)
			ExecutionOrderSort2 (0ms)
			AwakeInstancesAfterBackupRestoration (4ms)
Platform modules already initialized, skipping
========================================================================
Worker process is ready to serve import requests
Launched and connected shader compiler UnityShaderCompiler.exe after 0.07 seconds
Refreshing native plugins compatible for Editor in 0.64 ms, found 3 plugins.
Preloading 0 native plugins for Editor in 0.00 ms.
Unloading 3494 Unused Serialized files (Serialized files now loaded: 0)
Unloading 39 unused Assets / (258.7 KB). Loaded Objects now: 3944.
Memory consumption went from 125.9 MB to 125.7 MB.
Total: 2.614700 ms (FindLiveObjects: 0.233800 ms CreateObjectMapping: 0.101500 ms MarkObjects: 2.142000 ms  DeleteObjects: 0.136600 ms)

AssetImportParameters requested are different than current active one (requested -> active):
  custom:video-decoder-ogg-theora: a1e56fd34408186e4bbccfd4996cb3dc -> 
  custom:container-muxer-webm: aa71ff27fc2769a1b78a27578f13a17b -> 
  custom:container-demuxer-webm: 4f35f7cbe854078d1ac9338744f61a02 -> 
  custom:video-encoder-webm-vp8: eb34c28f22e8b96e1ab97ce403110664 -> 
  custom:audio-encoder-webm-vorbis: bf7c407c2cedff20999df2af8eb42d56 -> 
  custom:framework-win-MediaFoundation: 216162199b28c13a410421893ffa2e32 -> 
  custom:container-demuxer-ogg: 62fdf1f143b41e24485cea50d1cbac27 -> 
  custom:video-decoder-webm-vp8: 9c59270c3fd7afecdb556c50c9e8de78 -> 
  custom:audio-decoder-ogg-vorbis: bf7c407c2cedff20999df2af8eb42d56 -> 
========================================================================
Received Import Request.
  Time since last request: 1388052.614097 seconds.
  path: Assets/Jerri3D/NorthFace_Fire
  artifactKey: Guid(7dcc5833756421a4f94b618c2015a342) Importer(815301076,1909f56bfc062723c751e8b465ee728b)
Start importing Assets/Jerri3D/NorthFace_Fire using Guid(7dcc5833756421a4f94b618c2015a342) Importer(815301076,1909f56bfc062723c751e8b465ee728b)  -> (artifact id: '44b972943bb6464f82189e86391d147b') in 0.011077 seconds 
========================================================================
Received Import Request.
  Time since last request: 202.686867 seconds.
  path: Assets/Jerri3D/NorthFace_Cold/T_Cold_Clothe_U_1
  artifactKey: Guid(0b3eb7745562ee543b2cb8e3b5f175f3) Importer(815301076,1909f56bfc062723c751e8b465ee728b)
Start importing Assets/Jerri3D/NorthFace_Cold/T_Cold_Clothe_U_1 using Guid(0b3eb7745562ee543b2cb8e3b5f175f3) Importer(815301076,1909f56bfc062723c751e8b465ee728b)  -> (artifact id: '9f65cca8ac119db2a455df7fa3f95eb4') in 0.006153 seconds 
========================================================================
Received Import Request.
  Time since last request: 123.688726 seconds.
  path: Assets/Jerri3D/NorthFace_Cold/Sm_NorthFace_Cold.fbx
  artifactKey: Guid(054d029f56f1d6c4baf4a12e03224972) Importer(815301076,1909f56bfc062723c751e8b465ee728b)
Start importing Assets/Jerri3D/NorthFace_Cold/Sm_NorthFace_Cold.fbx using Guid(054d029f56f1d6c4baf4a12e03224972) Importer(815301076,1909f56bfc062723c751e8b465ee728b)  -> (artifact id: '2c1b28c7a7100e1b902ae448358b78d1') in 0.206123 seconds 
========================================================================
Received Import Request.
  Time since last request: 2.732387 seconds.
  path: Assets/Jerri3D/NorthFace_Cold/Sm_NorthFace_Cold.fbx
  artifactKey: Guid(054d029f56f1d6c4baf4a12e03224972) Importer(815301076,1909f56bfc062723c751e8b465ee728b)
Start importing Assets/Jerri3D/NorthFace_Cold/Sm_NorthFace_Cold.fbx using Guid(054d029f56f1d6c4baf4a12e03224972) Importer(815301076,1909f56bfc062723c751e8b465ee728b)  -> (artifact id: '5c3df53def0cdf586787ab1423fe9dc8') in 0.064898 seconds 
========================================================================
Received Import Request.
  Time since last request: 3797.324269 seconds.
  path: Assets/Jerri3D/NorthFace_Fire/T_Hot_Clothe_U_1
  artifactKey: Guid(b510f0c635bcf014aafcdd5d3339d21d) Importer(815301076,1909f56bfc062723c751e8b465ee728b)
Start importing Assets/Jerri3D/NorthFace_Fire/T_Hot_Clothe_U_1 using Guid(b510f0c635bcf014aafcdd5d3339d21d) Importer(815301076,1909f56bfc062723c751e8b465ee728b)  -> (artifact id: 'e4ba300d4fd3a725f1e9cf3f81d97ef3') in 0.008345 seconds 
========================================================================
Received Import Request.
  Time since last request: 27.879969 seconds.
  path: Assets/Jerri3D/NorthFace_Fire/Sm_NorthFace_Hot.fbx
  artifactKey: Guid(2a0e8d668683bfd438e9cce0336c7549) Importer(815301076,1909f56bfc062723c751e8b465ee728b)
Start importing Assets/Jerri3D/NorthFace_Fire/Sm_NorthFace_Hot.fbx using Guid(2a0e8d668683bfd438e9cce0336c7549) Importer(815301076,1909f56bfc062723c751e8b465ee728b)  -> (artifact id: 'cfe30bcfa108cdf27f2c2f96ccd5b940') in 0.065515 seconds 
========================================================================
Received Import Request.
  Time since last request: 59.078298 seconds.
  path: Assets/Jerri3D/Northface_Water
  artifactKey: Guid(5fbb52017f3b638439c3ab471abae16b) Importer(815301076,1909f56bfc062723c751e8b465ee728b)
Start importing Assets/Jerri3D/Northface_Water using Guid(5fbb52017f3b638439c3ab471abae16b) Importer(815301076,1909f56bfc062723c751e8b465ee728b)  -> (artifact id: '4d2186486ab0a7f98e2dbc8efc4bbcb6') in 0.005808 seconds 
========================================================================
Received Prepare
Registering precompiled user dll's ...
Registered in 0.006584 seconds.
Begin MonoManager ReloadAssembly
Symbol file LoadedFromMemory doesn't match image E:\02_Usuario\Documentos\GitHub\NorthFace_Web_Unity_Jerri\My project\Library\PackageCache\com.unity.visualscripting@1.7.8\Editor\VisualScripting.Core\Dependencies\YamlDotNet\Unity.VisualScripting.YamlDotNet.dll
Symbol file LoadedFromMemory doesn't match image E:\02_Usuario\Documentos\GitHub\NorthFace_Web_Unity_Jerri\My project\Library\PackageCache\com.unity.visualscripting@1.7.8\Editor\VisualScripting.Core\Dependencies\DotNetZip\Unity.VisualScripting.IonicZip.dll
Native extension for WindowsStandalone target not found
Native extension for Android target not found
Native extension for WebGL target not found
Refreshing native plugins compatible for Editor in 0.68 ms, found 3 plugins.
Preloading 0 native plugins for Editor in 0.00 ms.
Mono: successfully reloaded assembly
- Completed reload, in  0.898 seconds
Domain Reload Profiling:
	ReloadAssembly (899ms)
		BeginReloadAssembly (210ms)
			ExecutionOrderSort (0ms)
			DisableScriptedObjects (8ms)
			BackupInstance (0ms)
			ReleaseScriptingObjects (0ms)
			CreateAndSetChildDomain (92ms)
		EndReloadAssembly (608ms)
			LoadAssemblies (95ms)
			RebuildTransferFunctionScriptingTraits (0ms)
			SetupTypeCache (207ms)
			ReleaseScriptCaches (1ms)
			RebuildScriptCaches (30ms)
			SetupLoadedEditorAssemblies (262ms)
				LogAssemblyErrors (0ms)
				InitializePlatformSupportModulesInManaged (19ms)
				SetLoadedEditorAssemblies (0ms)
				RefreshPlugins (1ms)
				BeforeProcessingInitializeOnLoad (53ms)
				ProcessInitializeOnLoadAttributes (157ms)
				ProcessInitializeOnLoadMethodAttributes (22ms)
				AfterProcessingInitializeOnLoad (9ms)
				EditorAssembliesLoaded (0ms)
			ExecutionOrderSort2 (0ms)
			AwakeInstancesAfterBackupRestoration (6ms)
Platform modules already initialized, skipping
Refreshing native plugins compatible for Editor in 1.71 ms, found 3 plugins.
Preloading 0 native plugins for Editor in 0.00 ms.
Unloading 3462 Unused Serialized files (Serialized files now loaded: 0)
Unloading 32 unused Assets / (225.1 KB). Loaded Objects now: 3991.
Memory consumption went from 127.8 MB to 127.6 MB.
Total: 4.692100 ms (FindLiveObjects: 0.262900 ms CreateObjectMapping: 0.096000 ms MarkObjects: 4.205400 ms  DeleteObjects: 0.127000 ms)

AssetImportParameters requested are different than current active one (requested -> active):
  custom:video-decoder-ogg-theora: a1e56fd34408186e4bbccfd4996cb3dc -> 
  custom:container-muxer-webm: aa71ff27fc2769a1b78a27578f13a17b -> 
  custom:container-demuxer-webm: 4f35f7cbe854078d1ac9338744f61a02 -> 
  custom:video-encoder-webm-vp8: eb34c28f22e8b96e1ab97ce403110664 -> 
  custom:audio-encoder-webm-vorbis: bf7c407c2cedff20999df2af8eb42d56 -> 
  custom:framework-win-MediaFoundation: 216162199b28c13a410421893ffa2e32 -> 
  custom:container-demuxer-ogg: 62fdf1f143b41e24485cea50d1cbac27 -> 
  custom:video-decoder-webm-vp8: 9c59270c3fd7afecdb556c50c9e8de78 -> 
  custom:audio-decoder-ogg-vorbis: bf7c407c2cedff20999df2af8eb42d56 -> 
========================================================================
Received Prepare
Registering precompiled user dll's ...
Registered in 0.004435 seconds.
Begin MonoManager ReloadAssembly
Symbol file LoadedFromMemory doesn't match image E:\02_Usuario\Documentos\GitHub\NorthFace_Web_Unity_Jerri\My project\Library\PackageCache\com.unity.visualscripting@1.7.8\Editor\VisualScripting.Core\Dependencies\YamlDotNet\Unity.VisualScripting.YamlDotNet.dll
Symbol file LoadedFromMemory doesn't match image E:\02_Usuario\Documentos\GitHub\NorthFace_Web_Unity_Jerri\My project\Library\PackageCache\com.unity.visualscripting@1.7.8\Editor\VisualScripting.Core\Dependencies\DotNetZip\Unity.VisualScripting.IonicZip.dll
Native extension for WindowsStandalone target not found
Native extension for Android target not found
Native extension for WebGL target not found
Refreshing native plugins compatible for Editor in 0.68 ms, found 3 plugins.
Preloading 0 native plugins for Editor in 0.00 ms.
Mono: successfully reloaded assembly
- Completed reload, in  0.838 seconds
Domain Reload Profiling:
	ReloadAssembly (838ms)
		BeginReloadAssembly (122ms)
			ExecutionOrderSort (0ms)
			DisableScriptedObjects (4ms)
			BackupInstance (0ms)
			ReleaseScriptingObjects (0ms)
			CreateAndSetChildDomain (36ms)
		EndReloadAssembly (633ms)
			LoadAssemblies (79ms)
			RebuildTransferFunctionScriptingTraits (0ms)
			SetupTypeCache (201ms)
			ReleaseScriptCaches (1ms)
			RebuildScriptCaches (32ms)
			SetupLoadedEditorAssemblies (292ms)
				LogAssemblyErrors (0ms)
				InitializePlatformSupportModulesInManaged (20ms)
				SetLoadedEditorAssemblies (0ms)
				RefreshPlugins (1ms)
				BeforeProcessingInitializeOnLoad (60ms)
				ProcessInitializeOnLoadAttributes (178ms)
				ProcessInitializeOnLoadMethodAttributes (22ms)
				AfterProcessingInitializeOnLoad (11ms)
				EditorAssembliesLoaded (0ms)
			ExecutionOrderSort2 (0ms)
			AwakeInstancesAfterBackupRestoration (5ms)
Platform modules already initialized, skipping
Refreshing native plugins compatible for Editor in 2.50 ms, found 3 plugins.
Preloading 0 native plugins for Editor in 0.00 ms.
Unloading 3462 Unused Serialized files (Serialized files now loaded: 0)
Unloading 32 unused Assets / (225.1 KB). Loaded Objects now: 3994.
Memory consumption went from 127.8 MB to 127.6 MB.
Total: 2.749500 ms (FindLiveObjects: 0.297500 ms CreateObjectMapping: 0.070600 ms MarkObjects: 2.266000 ms  DeleteObjects: 0.114300 ms)

AssetImportParameters requested are different than current active one (requested -> active):
  custom:video-decoder-ogg-theora: a1e56fd34408186e4bbccfd4996cb3dc -> 
  custom:container-muxer-webm: aa71ff27fc2769a1b78a27578f13a17b -> 
  custom:container-demuxer-webm: 4f35f7cbe854078d1ac9338744f61a02 -> 
  custom:video-encoder-webm-vp8: eb34c28f22e8b96e1ab97ce403110664 -> 
  custom:audio-encoder-webm-vorbis: bf7c407c2cedff20999df2af8eb42d56 -> 
  custom:framework-win-MediaFoundation: 216162199b28c13a410421893ffa2e32 -> 
  custom:container-demuxer-ogg: 62fdf1f143b41e24485cea50d1cbac27 -> 
  custom:video-decoder-webm-vp8: 9c59270c3fd7afecdb556c50c9e8de78 -> 
  custom:audio-decoder-ogg-vorbis: bf7c407c2cedff20999df2af8eb42d56 -> 
========================================================================
Received Import Request.
  Time since last request: 340.680022 seconds.
  path: Assets/Jerri3D/Northface_Water/Sm_Northface_WAter_filter.fbx
  artifactKey: Guid(8e0b01ee1885d9a40bc53fa3fe627ed6) Importer(815301076,1909f56bfc062723c751e8b465ee728b)
Start importing Assets/Jerri3D/Northface_Water/Sm_Northface_WAter_filter.fbx using Guid(8e0b01ee1885d9a40bc53fa3fe627ed6) Importer(815301076,1909f56bfc062723c751e8b465ee728b)  -> (artifact id: '25ecdd911827bd5336bc811b5c6f3a7a') in 0.227283 seconds 
========================================================================
Received Import Request.
  Time since last request: 0.000017 seconds.
  path: Assets/Jerri3D/NorthFace_Cold/T_Cold_Clothe_U_1/M_Cold.mat
  artifactKey: Guid(8afaa620d76f3a14dabbb07e5b27559d) Importer(815301076,1909f56bfc062723c751e8b465ee728b)
Start importing Assets/Jerri3D/NorthFace_Cold/T_Cold_Clothe_U_1/M_Cold.mat using Guid(8afaa620d76f3a14dabbb07e5b27559d) Importer(815301076,1909f56bfc062723c751e8b465ee728b)  -> (artifact id: 'aab657924f8315b86b54147e00815dc6') in 0.515834 seconds 
========================================================================
Received Import Request.
  Time since last request: 0.000023 seconds.
  path: Assets/Jerri3D/Northface_Water/T_NorthFace_Water/M_PantCami_Water 2.mat
  artifactKey: Guid(c53adb6fd41f35d4b9d50b5ec83bc8e6) Importer(815301076,1909f56bfc062723c751e8b465ee728b)
Start importing Assets/Jerri3D/Northface_Water/T_NorthFace_Water/M_PantCami_Water 2.mat using Guid(c53adb6fd41f35d4b9d50b5ec83bc8e6) Importer(815301076,1909f56bfc062723c751e8b465ee728b)  -> (artifact id: '67272f542dce9a4693ae73c129830084') in 0.040394 seconds 
